Cloud-init v. 23.4-7.el9_4.3 running 'init-local' at Thu, 26 Sep 2024 14:47:20 +0000. Up 16.99 seconds.
Cloud-init v. 23.4-7.el9_4.3 running 'init' at Thu, 26 Sep 2024 14:47:24 +0000. Up 20.65 seconds.
ci-info: ++++++++++++++++++++++++++++++++++++++Net device info+++++++++++++++++++++++++++++++++++++++
ci-info: +--------+------+-----------------------------+---------------+--------+-------------------+
ci-info: | Device |  Up  |           Address           |      Mask     | Scope  |     Hw-Address    |
ci-info: +--------+------+-----------------------------+---------------+--------+-------------------+
ci-info: |  eth0  | True |         172.31.23.12        | 255.255.240.0 | global | 0a:ff:d8:6a:88:0b |
ci-info: |  eth0  | True | fe80::8ff:d8ff:fe6a:880b/64 |       .       |  link  | 0a:ff:d8:6a:88:0b |
ci-info: |   lo   | True |          127.0.0.1          |   255.0.0.0   |  host  |         .         |
ci-info: |   lo   | True |           ::1/128           |       .       |  host  |         .         |
ci-info: +--------+------+-----------------------------+---------------+--------+-------------------+
ci-info: +++++++++++++++++++++++++++++Route IPv4 info+++++++++++++++++++++++++++++
ci-info: +-------+-------------+-------------+---------------+-----------+-------+
ci-info: | Route | Destination |   Gateway   |    Genmask    | Interface | Flags |
ci-info: +-------+-------------+-------------+---------------+-----------+-------+
ci-info: |   0   |   0.0.0.0   | 172.31.16.1 |    0.0.0.0    |    eth0   |   UG  |
ci-info: |   1   | 172.31.16.0 |   0.0.0.0   | 255.255.240.0 |    eth0   |   U   |
ci-info: +-------+-------------+-------------+---------------+-----------+-------+
ci-info: +++++++++++++++++++Route IPv6 info+++++++++++++++++++
ci-info: +-------+-------------+---------+-----------+-------+
ci-info: | Route | Destination | Gateway | Interface | Flags |
ci-info: +-------+-------------+---------+-----------+-------+
ci-info: |   1   |  fe80::/64  |    ::   |    eth0   |   U   |
ci-info: |   3   |    local    |    ::   |    eth0   |   U   |
ci-info: |   4   |  multicast  |    ::   |    eth0   |   U   |
ci-info: +-------+-------------+---------+-----------+-------+
Generating public/private rsa key pair.
Your identification has been saved in /etc/ssh/ssh_host_rsa_key
Your public key has been saved in /etc/ssh/ssh_host_rsa_key.pub
The key fingerprint is:
SHA256:ucXS5Jee8YOL9Bk0JkZ+AecwEWh4kb8HCBBWtTNgykQ root@ip-172-31-23-12.ec2.internal
The key's randomart image is:
+---[RSA 3072]----+
|   .E++oo+*o.    |
|   + oo.=. *     |
|    o  ++oo o    |
|        .@o  o   |
|        S OoO    |
|         =.B.*   |
|        . ..= o  |
|         . o + . |
|          . +    |
+----[SHA256]-----+
Generating public/private ecdsa key pair.
Your identification has been saved in /etc/ssh/ssh_host_ecdsa_key
Your public key has been saved in /etc/ssh/ssh_host_ecdsa_key.pub
The key fingerprint is:
SHA256:m+riT9YXfuiWO2Zmn4vscOfeSV6m73iwhMuOox+3Z9A root@ip-172-31-23-12.ec2.internal
The key's randomart image is:
+---[ECDSA 256]---+
|                 |
|                 |
|                 |
|                 |
|        S .  o   |
|       . + oo E  |
|      o = *o++.oo|
|    .o . *XOo*+*.|
|   ..++ .XOBO+*+o|
+----[SHA256]-----+
Generating public/private ed25519 key pair.
Your identification has been saved in /etc/ssh/ssh_host_ed25519_key
Your public key has been saved in /etc/ssh/ssh_host_ed25519_key.pub
The key fingerprint is:
SHA256:7pwX9BjIIl857rbdSLzDCL5KBfc+zv6ybaNMYkV18YI root@ip-172-31-23-12.ec2.internal
The key's randomart image is:
+--[ED25519 256]--+
|          . o.   |
|         . o .   |
|    . ...oE . .  |
|    .o.o* o  .   |
|     o.+So +     |
|     .o+..o .    |
|    ..oo=oo.     |
|   . ..O=**+     |
|    ...+%O*o.    |
+----[SHA256]-----+
Cloud-init v. 23.4-7.el9_4.3 running 'modules:config' at Thu, 26 Sep 2024 14:47:28 +0000. Up 24.85 seconds.
Cloud-init v. 23.4-7.el9_4.3 running 'modules:final' at Thu, 26 Sep 2024 14:47:31 +0000. Up 27.33 seconds.
Updating Subscription Management repositories.
Unable to read consumer identity

This system is not registered with an entitlement server. You can use "rhc" or "subscription-manager" to register.

Red Hat Enterprise Linux 9 for x86_64 - AppStre  27 MB/s |  41 MB     00:01    
Red Hat Enterprise Linux 9 for x86_64 - BaseOS   44 MB/s |  32 MB     00:00    
Red Hat Enterprise Linux 9 Client Configuration  23 kB/s | 3.2 kB     00:00    
Last metadata expiration check: 0:00:01 ago on Thu 26 Sep 2024 02:48:13 PM UTC.
Package yum-utils-4.3.0-13.el9.noarch is already installed.
Dependencies resolved.
Nothing to do.
Complete!
Updating Subscription Management repositories.
Unable to read consumer identity

This system is not registered with an entitlement server. You can use "rhc" or "subscription-manager" to register.

Adding repo from: https://download.docker.com/linux/centos/docker-ce.repo
Updating Subscription Management repositories.
Unable to read consumer identity

This system is not registered with an entitlement server. You can use "rhc" or "subscription-manager" to register.

Docker CE Stable - x86_64                       190 kB/s |  58 kB     00:00    
Dependencies resolved.
================================================================================
 Package           Arch   Version              Repository                  Size
================================================================================
Installing:
 containerd.io     x86_64 1.7.22-3.1.el9       docker-ce-stable            43 M
Installing dependencies:
 container-selinux noarch 3:2.229.0-1.el9_3    rhel-9-appstream-rhui-rpms  58 k

Transaction Summary
================================================================================
Install  2 Packages

Total download size: 43 M
Installed size: 150 M
Downloading Packages:
(1/2): container-selinux-2.229.0-1.el9_3.noarch 631 kB/s |  58 kB     00:00    
(2/2): containerd.io-1.7.22-3.1.el9.x86_64.rpm   54 MB/s |  43 MB     00:00    
--------------------------------------------------------------------------------
Total                                            51 MB/s |  43 MB     00:00     
Docker CE Stable - x86_64                        15 kB/s | 1.6 kB     00:00    
Importing GPG key 0x621E9F35:
 Userid     : "Docker Release (CE rpm) <docker@docker.com>"
 Fingerprint: 060A 61C5 1B55 8A7F 742B 77AA C52F EB6B 621E 9F35
 From       : https://download.docker.com/linux/centos/gpg
Key imported successfully
Running transaction check
Transaction check succeeded.
Running transaction test
Transaction test succeeded.
Running transaction
  Preparing        :                                                        1/1 
  Running scriptlet: container-selinux-3:2.229.0-1.el9_3.noarch             1/2 
  Installing       : container-selinux-3:2.229.0-1.el9_3.noarch             1/2 
  Running scriptlet: container-selinux-3:2.229.0-1.el9_3.noarch             1/2 
  Installing       : containerd.io-1.7.22-3.1.el9.x86_64                    2/2 
  Running scriptlet: containerd.io-1.7.22-3.1.el9.x86_64                    2/2 
  Running scriptlet: container-selinux-3:2.229.0-1.el9_3.noarch             2/2 
  Running scriptlet: containerd.io-1.7.22-3.1.el9.x86_64                    2/2 
  Verifying        : containerd.io-1.7.22-3.1.el9.x86_64                    1/2 
  Verifying        : container-selinux-3:2.229.0-1.el9_3.noarch             2/2 
Installed products updated.

Installed:
  container-selinux-3:2.229.0-1.el9_3.noarch                                    
  containerd.io-1.7.22-3.1.el9.x86_64                                           

Complete!
Created symlink /etc/systemd/system/multi-user.target.wants/containerd.service → /usr/lib/systemd/system/containerd.service.
* Applying /usr/lib/sysctl.d/10-default-yama-scope.conf ...
* Applying /usr/lib/sysctl.d/50-coredump.conf ...
* Applying /usr/lib/sysctl.d/50-default.conf ...
* Applying /usr/lib/sysctl.d/50-libkcapi-optmem_max.conf ...
* Applying /usr/lib/sysctl.d/50-pid-max.conf ...
* Applying /usr/lib/sysctl.d/50-redhat.conf ...
* Applying /etc/sysctl.d/99-sysctl.conf ...
* Applying /etc/sysctl.d/k8s.conf ...
* Applying /etc/sysctl.conf ...
kernel.yama.ptrace_scope = 0
kernel.core_pattern = |/usr/lib/systemd/systemd-coredump %P %u %g %s %t %c %h
kernel.core_pipe_limit = 16
fs.suid_dumpable = 2
kernel.sysrq = 16
kernel.core_uses_pid = 1
net.ipv4.conf.default.rp_filter = 2
net.ipv4.conf.eth0.rp_filter = 2
net.ipv4.conf.lo.rp_filter = 2
net.ipv4.conf.default.accept_source_route = 0
net.ipv4.conf.eth0.accept_source_route = 0
net.ipv4.conf.lo.accept_source_route = 0
net.ipv4.conf.default.promote_secondaries = 1
net.ipv4.conf.eth0.promote_secondaries = 1
net.ipv4.conf.lo.promote_secondaries = 1
net.ipv4.ping_group_range = 0 2147483647
net.core.default_qdisc = fq_codel
fs.protected_hardlinks = 1
fs.protected_symlinks = 1
fs.protected_regular = 1
fs.protected_fifos = 1
net.core.optmem_max = 81920
kernel.pid_max = 4194304
kernel.kptr_restrict = 1
net.ipv4.conf.default.rp_filter = 1
net.ipv4.conf.eth0.rp_filter = 1
net.ipv4.conf.lo.rp_filter = 1
net.ipv4.ip_forward = 1
[kubernetes]
name=Kubernetes
baseurl=https://pkgs.k8s.io/core:/stable:/v1.30/rpm/
enabled=1
gpgcheck=1
gpgkey=https://pkgs.k8s.io/core:/stable:/v1.30/rpm/repodata/repomd.xml.key
Updating Subscription Management repositories.
Unable to read consumer identity

This system is not registered with an entitlement server. You can use "rhc" or "subscription-manager" to register.

Kubernetes                                       25 kB/s |  17 kB     00:00    
Dependencies resolved.
================================================================================
 Package              Arch   Version           Repository                  Size
================================================================================
Installing:
 kubeadm              x86_64 1.30.5-150500.1.1 kubernetes                  10 M
 kubectl              x86_64 1.30.5-150500.1.1 kubernetes                  10 M
 kubelet              x86_64 1.30.5-150500.1.1 kubernetes                  17 M
Installing dependencies:
 conntrack-tools      x86_64 1.4.7-2.el9       rhel-9-appstream-rhui-rpms 239 k
 cri-tools            x86_64 1.30.1-150500.1.1 kubernetes                 8.6 M
 iptables-nft         x86_64 1.8.10-2.el9      rhel-9-baseos-rhui-rpms    208 k
 kubernetes-cni       x86_64 1.4.0-150500.1.1  kubernetes                 6.7 M
 libnetfilter_cthelper
                      x86_64 1.0.0-22.el9      rhel-9-appstream-rhui-rpms  26 k
 libnetfilter_cttimeout
                      x86_64 1.0.0-19.el9      rhel-9-appstream-rhui-rpms  25 k
 libnetfilter_queue   x86_64 1.0.5-1.el9       rhel-9-appstream-rhui-rpms  31 k
 libnftnl             x86_64 1.2.6-4.el9_4     rhel-9-baseos-rhui-rpms     89 k

Transaction Summary
================================================================================
Install  11 Packages

Total download size: 54 M
Installed size: 293 M
Downloading Packages:
(1/11): cri-tools-1.30.1-150500.1.1.x86_64.rpm  8.3 MB/s | 8.6 MB     00:01    
(2/11): kubeadm-1.30.5-150500.1.1.x86_64.rpm    7.2 MB/s |  10 MB     00:01    
(3/11): kubectl-1.30.5-150500.1.1.x86_64.rpm    6.3 MB/s |  10 MB     00:01    
(4/11): libnetfilter_cthelper-1.0.0-22.el9.x86_ 265 kB/s |  26 kB     00:00    
(5/11): libnetfilter_cttimeout-1.0.0-19.el9.x86 1.1 MB/s |  25 kB     00:00    
(6/11): libnetfilter_queue-1.0.5-1.el9.x86_64.r 1.4 MB/s |  31 kB     00:00    
(7/11): kubelet-1.30.5-150500.1.1.x86_64.rpm     17 MB/s |  17 MB     00:01    
(8/11): kubernetes-cni-1.4.0-150500.1.1.x86_64. 8.8 MB/s | 6.7 MB     00:00    
(9/11): conntrack-tools-1.4.7-2.el9.x86_64.rpm  689 kB/s | 239 kB     00:00    
(10/11): iptables-nft-1.8.10-2.el9.x86_64.rpm   1.5 MB/s | 208 kB     00:00    
(11/11): libnftnl-1.2.6-4.el9_4.x86_64.rpm      1.2 MB/s |  89 kB     00:00    
--------------------------------------------------------------------------------
Total                                            22 MB/s |  54 MB     00:02     
Kubernetes                                      7.2 kB/s | 1.7 kB     00:00    
Importing GPG key 0x9A296436:
 Userid     : "isv:kubernetes OBS Project <isv:kubernetes@build.opensuse.org>"
 Fingerprint: DE15 B144 86CD 377B 9E87 6E1A 2346 54DA 9A29 6436
 From       : https://pkgs.k8s.io/core:/stable:/v1.30/rpm/repodata/repomd.xml.key
Key imported successfully
Running transaction check
Transaction check succeeded.
Running transaction test
Transaction test succeeded.
Running transaction
  Preparing        :                                                        1/1 
  Installing       : libnftnl-1.2.6-4.el9_4.x86_64                         1/11 
  Installing       : iptables-nft-1.8.10-2.el9.x86_64                      2/11 
  Running scriptlet: iptables-nft-1.8.10-2.el9.x86_64                      2/11 
  Installing       : libnetfilter_queue-1.0.5-1.el9.x86_64                 3/11 
  Installing       : libnetfilter_cttimeout-1.0.0-19.el9.x86_64            4/11 
  Installing       : libnetfilter_cthelper-1.0.0-22.el9.x86_64             5/11 
  Installing       : conntrack-tools-1.4.7-2.el9.x86_64                    6/11 
  Running scriptlet: conntrack-tools-1.4.7-2.el9.x86_64                    6/11 
  Installing       : kubernetes-cni-1.4.0-150500.1.1.x86_64                7/11 
  Installing       : cri-tools-1.30.1-150500.1.1.x86_64                    8/11 
  Installing       : kubeadm-1.30.5-150500.1.1.x86_64                      9/11 
  Installing       : kubelet-1.30.5-150500.1.1.x86_64                     10/11 
  Running scriptlet: kubelet-1.30.5-150500.1.1.x86_64                     10/11 
  Installing       : kubectl-1.30.5-150500.1.1.x86_64                     11/11 
  Running scriptlet: kubectl-1.30.5-150500.1.1.x86_64                     11/11 
  Verifying        : cri-tools-1.30.1-150500.1.1.x86_64                    1/11 
  Verifying        : kubeadm-1.30.5-150500.1.1.x86_64                      2/11 
  Verifying        : kubectl-1.30.5-150500.1.1.x86_64                      3/11 
  Verifying        : kubelet-1.30.5-150500.1.1.x86_64                      4/11 
  Verifying        : kubernetes-cni-1.4.0-150500.1.1.x86_64                5/11 
  Verifying        : libnetfilter_cthelper-1.0.0-22.el9.x86_64             6/11 
  Verifying        : libnetfilter_cttimeout-1.0.0-19.el9.x86_64            7/11 
  Verifying        : libnetfilter_queue-1.0.5-1.el9.x86_64                 8/11 
  Verifying        : conntrack-tools-1.4.7-2.el9.x86_64                    9/11 
  Verifying        : iptables-nft-1.8.10-2.el9.x86_64                     10/11 
  Verifying        : libnftnl-1.2.6-4.el9_4.x86_64                        11/11 
Installed products updated.

Installed:
  conntrack-tools-1.4.7-2.el9.x86_64                                            
  cri-tools-1.30.1-150500.1.1.x86_64                                            
  iptables-nft-1.8.10-2.el9.x86_64                                              
  kubeadm-1.30.5-150500.1.1.x86_64                                              
  kubectl-1.30.5-150500.1.1.x86_64                                              
  kubelet-1.30.5-150500.1.1.x86_64                                              
  kubernetes-cni-1.4.0-150500.1.1.x86_64                                        
  libnetfilter_cthelper-1.0.0-22.el9.x86_64                                     
  libnetfilter_cttimeout-1.0.0-19.el9.x86_64                                    
  libnetfilter_queue-1.0.5-1.el9.x86_64                                         
  libnftnl-1.2.6-4.el9_4.x86_64                                                 

Complete!
Created symlink /etc/systemd/system/multi-user.target.wants/kubelet.service → /usr/lib/systemd/system/kubelet.service.
Updating Subscription Management repositories.
Unable to read consumer identity

This system is not registered with an entitlement server. You can use "rhc" or "subscription-manager" to register.

Last metadata expiration check: 0:00:39 ago on Thu 26 Sep 2024 02:49:37 PM UTC.
Dependencies resolved.
======================================================================================================
 Package                      Arch    Version                       Repository                    Size
======================================================================================================
Installing:
 kernel                       x86_64  5.14.0-427.37.1.el9_4         rhel-9-baseos-rhui-rpms      4.7 M
 kernel-core                  x86_64  5.14.0-427.37.1.el9_4         rhel-9-baseos-rhui-rpms       20 M
 kernel-modules               x86_64  5.14.0-427.37.1.el9_4         rhel-9-baseos-rhui-rpms       38 M
 kernel-modules-core          x86_64  5.14.0-427.37.1.el9_4         rhel-9-baseos-rhui-rpms       33 M
Upgrading:
 NetworkManager               x86_64  1:1.46.0-19.el9_4             rhel-9-baseos-rhui-rpms      2.3 M
 NetworkManager-cloud-setup   x86_64  1:1.46.0-19.el9_4             rhel-9-appstream-rhui-rpms    76 k
 NetworkManager-libnm         x86_64  1:1.46.0-19.el9_4             rhel-9-baseos-rhui-rpms      1.8 M
 NetworkManager-team          x86_64  1:1.46.0-19.el9_4             rhel-9-baseos-rhui-rpms       42 k
 NetworkManager-tui           x86_64  1:1.46.0-19.el9_4             rhel-9-baseos-rhui-rpms      248 k
 ca-certificates              noarch  2024.2.69_v8.0.303-91.4.el9_4 rhel-9-baseos-rhui-rpms      1.0 M
 cloud-init                   noarch  23.4-7.el9_4.6                rhel-9-appstream-rhui-rpms   1.3 M
 curl                         x86_64  7.76.1-29.el9_4.1             rhel-9-baseos-rhui-rpms      297 k
 expat                        x86_64  2.5.0-2.el9_4.1               rhel-9-baseos-rhui-rpms      119 k
 glib2                        x86_64  2.68.4-14.el9_4.1             rhel-9-baseos-rhui-rpms      2.6 M
 glibc                        x86_64  2.34-100.el9_4.3              rhel-9-baseos-rhui-rpms      2.0 M
 glibc-common                 x86_64  2.34-100.el9_4.3              rhel-9-baseos-rhui-rpms      308 k
 glibc-gconv-extra            x86_64  2.34-100.el9_4.3              rhel-9-baseos-rhui-rpms      1.7 M
 glibc-langpack-en            x86_64  2.34-100.el9_4.3              rhel-9-baseos-rhui-rpms      661 k
 grub2-common                 noarch  1:2.06-82.el9_4               rhel-9-baseos-rhui-rpms      916 k
 grub2-efi-x64                x86_64  1:2.06-82.el9_4               rhel-9-baseos-rhui-rpms      1.3 M
 grub2-pc                     x86_64  1:2.06-82.el9_4               rhel-9-baseos-rhui-rpms       15 k
 grub2-pc-modules             noarch  1:2.06-82.el9_4               rhel-9-baseos-rhui-rpms      978 k
 grub2-tools                  x86_64  1:2.06-82.el9_4               rhel-9-baseos-rhui-rpms      1.8 M
 grub2-tools-minimal          x86_64  1:2.06-82.el9_4               rhel-9-baseos-rhui-rpms      610 k
 iptables-libs                x86_64  1.8.10-4.el9_4                rhel-9-baseos-rhui-rpms      464 k
 iptables-nft                 x86_64  1.8.10-4.el9_4                rhel-9-baseos-rhui-rpms      209 k
 kernel-tools                 x86_64  5.14.0-427.37.1.el9_4         rhel-9-baseos-rhui-rpms      5.0 M
 kernel-tools-libs            x86_64  5.14.0-427.37.1.el9_4         rhel-9-baseos-rhui-rpms      4.7 M
 kexec-tools                  x86_64  2.0.27-8.el9_4.3              rhel-9-baseos-rhui-rpms      494 k
 krb5-libs                    x86_64  1.21.1-2.el9_4                rhel-9-baseos-rhui-rpms      770 k
 libcurl                      x86_64  7.76.1-29.el9_4.1             rhel-9-baseos-rhui-rpms      286 k
 libdnf                       x86_64  0.69.0-8.el9_4.1              rhel-9-baseos-rhui-rpms      664 k
 libevent                     x86_64  2.1.12-8.el9_4                rhel-9-baseos-rhui-rpms      266 k
 libldb                       x86_64  2.8.0-2.el9_4                 rhel-9-baseos-rhui-rpms      194 k
 libmnl                       x86_64  1.0.4-16.el9_4                rhel-9-baseos-rhui-rpms       30 k
 libndp                       x86_64  1.8-6.el9_4                   rhel-9-baseos-rhui-rpms       40 k
 libsss_certmap               x86_64  2.9.4-6.el9_4.1               rhel-9-baseos-rhui-rpms       96 k
 libsss_idmap                 x86_64  2.9.4-6.el9_4.1               rhel-9-baseos-rhui-rpms       45 k
 libsss_nss_idmap             x86_64  2.9.4-6.el9_4.1               rhel-9-baseos-rhui-rpms       50 k
 libsss_sudo                  x86_64  2.9.4-6.el9_4.1               rhel-9-baseos-rhui-rpms       39 k
 linux-firmware               noarch  20240716-143.2.el9_4          rhel-9-baseos-rhui-rpms      383 M
 linux-firmware-whence        noarch  20240716-143.2.el9_4          rhel-9-baseos-rhui-rpms       96 k
 mdadm                        x86_64  4.2-14.el9_4                  rhel-9-baseos-rhui-rpms      436 k
 nspr                         x86_64  4.35.0-14.el9_2               rhel-9-appstream-rhui-rpms   136 k
 nss                          x86_64  3.101.0-7.el9_2               rhel-9-appstream-rhui-rpms   721 k
 nss-softokn                  x86_64  3.101.0-7.el9_2               rhel-9-appstream-rhui-rpms   393 k
 nss-softokn-freebl           x86_64  3.101.0-7.el9_2               rhel-9-appstream-rhui-rpms   313 k
 nss-sysinit                  x86_64  3.101.0-7.el9_2               rhel-9-appstream-rhui-rpms    20 k
 nss-util                     x86_64  3.101.0-7.el9_2               rhel-9-appstream-rhui-rpms    90 k
 openssh                      x86_64  8.7p1-38.el9_4.4              rhel-9-baseos-rhui-rpms      466 k
 openssh-clients              x86_64  8.7p1-38.el9_4.4              rhel-9-baseos-rhui-rpms      722 k
 openssh-server               x86_64  8.7p1-38.el9_4.4              rhel-9-baseos-rhui-rpms      465 k
 openssl                      x86_64  1:3.0.7-28.el9_4              rhel-9-baseos-rhui-rpms      1.2 M
 openssl-libs                 x86_64  1:3.0.7-28.el9_4              rhel-9-baseos-rhui-rpms      1.9 M
 python-unversioned-command   noarch  3.9.18-3.el9_4.5              rhel-9-appstream-rhui-rpms    10 k
 python3                      x86_64  3.9.18-3.el9_4.5              rhel-9-baseos-rhui-rpms       30 k
 python3-hawkey               x86_64  0.69.0-8.el9_4.1              rhel-9-baseos-rhui-rpms      106 k
 python3-libdnf               x86_64  0.69.0-8.el9_4.1              rhel-9-baseos-rhui-rpms      783 k
 python3-libs                 x86_64  3.9.18-3.el9_4.5              rhel-9-baseos-rhui-rpms      7.9 M
 python3-perf                 x86_64  5.14.0-427.37.1.el9_4         rhel-9-baseos-rhui-rpms      4.8 M
 python3-setuptools           noarch  53.0.0-12.el9_4.1             rhel-9-baseos-rhui-rpms      947 k
 python3-setuptools-wheel     noarch  53.0.0-12.el9_4.1             rhel-9-baseos-rhui-rpms      469 k
 python3-urllib3              noarch  1.26.5-5.el9_4.1              rhel-9-baseos-rhui-rpms      219 k
 redhat-release               x86_64  9.4-0.5.el9                   rhel-9-baseos-rhui-rpms       46 k
 redhat-release-eula          x86_64  9.4-0.5.el9                   rhel-9-baseos-rhui-rpms       14 k
 rh-amazon-rhui-client        noarch  4.0.19-1.el9                  rhui-client-config-server-9   46 k
 selinux-policy               noarch  38.1.35-2.el9_4.2             rhel-9-baseos-rhui-rpms       53 k
 selinux-policy-targeted      noarch  38.1.35-2.el9_4.2             rhel-9-baseos-rhui-rpms      6.9 M
 shim-x64                     x86_64  15.8-4.el9_3                  rhel-9-baseos-rhui-rpms      476 k
 sssd-client                  x86_64  2.9.4-6.el9_4.1               rhel-9-baseos-rhui-rpms      174 k
 sssd-common                  x86_64  2.9.4-6.el9_4.1               rhel-9-baseos-rhui-rpms      1.6 M
 sssd-kcm                     x86_64  2.9.4-6.el9_4.1               rhel-9-baseos-rhui-rpms      115 k
 systemd                      x86_64  252-32.el9_4.7                rhel-9-baseos-rhui-rpms      4.2 M
 systemd-libs                 x86_64  252-32.el9_4.7                rhel-9-baseos-rhui-rpms      679 k
 systemd-pam                  x86_64  252-32.el9_4.7                rhel-9-baseos-rhui-rpms      282 k
 systemd-rpm-macros           noarch  252-32.el9_4.7                rhel-9-baseos-rhui-rpms       71 k
 systemd-udev                 x86_64  252-32.el9_4.7                rhel-9-baseos-rhui-rpms      1.9 M
 tar                          x86_64  2:1.34-6.el9_4.1              rhel-9-baseos-rhui-rpms      889 k
Installing dependencies:
 freetype                     x86_64  2.10.4-9.el9                  rhel-9-baseos-rhui-rpms      391 k
 graphite2                    x86_64  1.3.14-9.el9                  rhel-9-baseos-rhui-rpms       98 k
 grub2-tools-efi              x86_64  1:2.06-82.el9_4               rhel-9-baseos-rhui-rpms      544 k
 grub2-tools-extra            x86_64  1:2.06-82.el9_4               rhel-9-baseos-rhui-rpms      849 k
 harfbuzz                     x86_64  2.7.4-10.el9                  rhel-9-baseos-rhui-rpms      629 k
 libpng                       x86_64  2:1.6.37-12.el9               rhel-9-baseos-rhui-rpms      119 k

Transaction Summary
======================================================================================================
Install  10 Packages
Upgrade  74 Packages

Total download size: 554 M
Downloading Packages:
(1/84): graphite2-1.3.14-9.el9.x86_64.rpm       967 kB/s |  98 kB     00:00    
(2/84): libpng-1.6.37-12.el9.x86_64.rpm         1.1 MB/s | 119 kB     00:00    
(3/84): freetype-2.10.4-9.el9.x86_64.rpm        3.2 MB/s | 391 kB     00:00    
(4/84): harfbuzz-2.7.4-10.el9.x86_64.rpm         15 MB/s | 629 kB     00:00    
(5/84): grub2-tools-efi-2.06-82.el9_4.x86_64.rp  12 MB/s | 544 kB     00:00    
(6/84): grub2-tools-extra-2.06-82.el9_4.x86_64.  16 MB/s | 849 kB     00:00    
(7/84): kernel-5.14.0-427.37.1.el9_4.x86_64.rpm  17 MB/s | 4.7 MB     00:00    
(8/84): kernel-core-5.14.0-427.37.1.el9_4.x86_6  23 MB/s |  20 MB     00:00    
(9/84): cloud-init-23.4-7.el9_4.6.noarch.rpm     20 MB/s | 1.3 MB     00:00    
(10/84): python-unversioned-command-3.9.18-3.el 1.0 MB/s |  10 kB     00:00    
(11/84): NetworkManager-cloud-setup-1.46.0-19.e 4.8 MB/s |  76 kB     00:00    
(12/84): nspr-4.35.0-14.el9_2.x86_64.rpm        9.4 MB/s | 136 kB     00:00    
(13/84): nss-3.101.0-7.el9_2.x86_64.rpm          14 MB/s | 721 kB     00:00    
(14/84): nss-softokn-3.101.0-7.el9_2.x86_64.rpm  13 MB/s | 393 kB     00:00    
(15/84): nss-softokn-freebl-3.101.0-7.el9_2.x86  13 MB/s | 313 kB     00:00    
(16/84): nss-sysinit-3.101.0-7.el9_2.x86_64.rpm 1.3 MB/s |  20 kB     00:00    
(17/84): nss-util-3.101.0-7.el9_2.x86_64.rpm    5.0 MB/s |  90 kB     00:00    
(18/84): shim-x64-15.8-4.el9_3.x86_64.rpm        13 MB/s | 476 kB     00:00    
(19/84): selinux-policy-38.1.35-2.el9_4.2.noarc 3.9 MB/s |  53 kB     00:00    
(20/84): selinux-policy-targeted-38.1.35-2.el9_  22 MB/s | 6.9 MB     00:00    
(21/84): openssh-8.7p1-38.el9_4.4.x86_64.rpm     16 MB/s | 466 kB     00:00    
(22/84): kernel-modules-core-5.14.0-427.37.1.el  20 MB/s |  33 MB     00:01    
(23/84): openssh-clients-8.7p1-38.el9_4.4.x86_6 1.8 MB/s | 722 kB     00:00    
(24/84): openssh-server-8.7p1-38.el9_4.4.x86_64  18 MB/s | 465 kB     00:00    
(25/84): libndp-1.8-6.el9_4.x86_64.rpm          2.2 MB/s |  40 kB     00:00    
(26/84): kernel-modules-5.14.0-427.37.1.el9_4.x  16 MB/s |  38 MB     00:02    
(27/84): libsss_idmap-2.9.4-6.el9_4.1.x86_64.rp  87 kB/s |  45 kB     00:00    
(28/84): libsss_certmap-2.9.4-6.el9_4.1.x86_64. 178 kB/s |  96 kB     00:00    
(29/84): libsss_nss_idmap-2.9.4-6.el9_4.1.x86_6 2.3 MB/s |  50 kB     00:00    
(30/84): libsss_sudo-2.9.4-6.el9_4.1.x86_64.rpm 2.9 MB/s |  39 kB     00:00    
(31/84): sssd-client-2.9.4-6.el9_4.1.x86_64.rpm 5.7 MB/s | 174 kB     00:00    
(32/84): sssd-kcm-2.9.4-6.el9_4.1.x86_64.rpm    3.1 MB/s | 115 kB     00:00    
(33/84): kexec-tools-2.0.27-8.el9_4.3.x86_64.rp  19 MB/s | 494 kB     00:00    
(34/84): sssd-common-2.9.4-6.el9_4.1.x86_64.rpm  20 MB/s | 1.6 MB     00:00    
(35/84): curl-7.76.1-29.el9_4.1.x86_64.rpm      5.3 MB/s | 297 kB     00:00    
(36/84): libcurl-7.76.1-29.el9_4.1.x86_64.rpm   5.8 MB/s | 286 kB     00:00    
(37/84): python3-setuptools-wheel-53.0.0-12.el9  18 MB/s | 469 kB     00:00    
(38/84): python3-setuptools-53.0.0-12.el9_4.1.n  11 MB/s | 947 kB     00:00    
(39/84): ca-certificates-2024.2.69_v8.0.303-91. 9.8 MB/s | 1.0 MB     00:00    
(40/84): glibc-common-2.34-100.el9_4.3.x86_64.r 7.5 MB/s | 308 kB     00:00    
(41/84): glibc-2.34-100.el9_4.3.x86_64.rpm       14 MB/s | 2.0 MB     00:00    
(42/84): glibc-langpack-en-2.34-100.el9_4.3.x86 9.2 MB/s | 661 kB     00:00    
(43/84): redhat-release-9.4-0.5.el9.x86_64.rpm  2.6 MB/s |  46 kB     00:00    
(44/84): redhat-release-eula-9.4-0.5.el9.x86_64 1.2 MB/s |  14 kB     00:00    
(45/84): glibc-gconv-extra-2.34-100.el9_4.3.x86  15 MB/s | 1.7 MB     00:00    
(46/84): grub2-common-2.06-82.el9_4.noarch.rpm   16 MB/s | 916 kB     00:00    
(47/84): grub2-pc-2.06-82.el9_4.x86_64.rpm      529 kB/s |  15 kB     00:00    
(48/84): grub2-efi-x64-2.06-82.el9_4.x86_64.rpm  14 MB/s | 1.3 MB     00:00    
(49/84): grub2-pc-modules-2.06-82.el9_4.noarch.  13 MB/s | 978 kB     00:00    
(50/84): grub2-tools-minimal-2.06-82.el9_4.x86_  14 MB/s | 610 kB     00:00    
(51/84): libevent-2.1.12-8.el9_4.x86_64.rpm      10 MB/s | 266 kB     00:00    
(52/84): libldb-2.8.0-2.el9_4.x86_64.rpm        7.9 MB/s | 194 kB     00:00    
(53/84): grub2-tools-2.06-82.el9_4.x86_64.rpm    14 MB/s | 1.8 MB     00:00    
(54/84): python3-urllib3-1.26.5-5.el9_4.1.noarc 4.1 MB/s | 219 kB     00:00    
(55/84): iptables-libs-1.8.10-4.el9_4.x86_64.rp 8.0 MB/s | 464 kB     00:00    
(56/84): iptables-nft-1.8.10-4.el9_4.x86_64.rpm 5.6 MB/s | 209 kB     00:00    
(57/84): libmnl-1.0.4-16.el9_4.x86_64.rpm       1.9 MB/s |  30 kB     00:00    
(58/84): libdnf-0.69.0-8.el9_4.1.x86_64.rpm      11 MB/s | 664 kB     00:00    
(59/84): linux-firmware-whence-20240716-143.2.e 3.2 MB/s |  96 kB     00:00    
(60/84): python3-3.9.18-3.el9_4.5.x86_64.rpm    2.0 MB/s |  30 kB     00:00    
(61/84): python3-hawkey-0.69.0-8.el9_4.1.x86_64 3.9 MB/s | 106 kB     00:00    
(62/84): python3-libdnf-0.69.0-8.el9_4.1.x86_64  13 MB/s | 783 kB     00:00    
(63/84): krb5-libs-1.21.1-2.el9_4.x86_64.rpm    9.6 MB/s | 770 kB     00:00    
(64/84): systemd-252-32.el9_4.7.x86_64.rpm       29 MB/s | 4.2 MB     00:00    
(65/84): systemd-libs-252-32.el9_4.7.x86_64.rpm  13 MB/s | 679 kB     00:00    
(66/84): python3-libs-3.9.18-3.el9_4.5.x86_64.r  17 MB/s | 7.9 MB     00:00    
(67/84): systemd-pam-252-32.el9_4.7.x86_64.rpm  2.0 MB/s | 282 kB     00:00    
(68/84): systemd-rpm-macros-252-32.el9_4.7.noar 2.8 MB/s |  71 kB     00:00    
(69/84): systemd-udev-252-32.el9_4.7.x86_64.rpm  31 MB/s | 1.9 MB     00:00    
(70/84): NetworkManager-1.46.0-19.el9_4.x86_64.  25 MB/s | 2.3 MB     00:00    
(71/84): NetworkManager-libnm-1.46.0-19.el9_4.x  19 MB/s | 1.8 MB     00:00    
(72/84): NetworkManager-team-1.46.0-19.el9_4.x8 1.0 MB/s |  42 kB     00:00    
(73/84): NetworkManager-tui-1.46.0-19.el9_4.x86  11 MB/s | 248 kB     00:00    
(74/84): tar-1.34-6.el9_4.1.x86_64.rpm           19 MB/s | 889 kB     00:00    
(75/84): mdadm-4.2-14.el9_4.x86_64.rpm           15 MB/s | 436 kB     00:00    
(76/84): glib2-2.68.4-14.el9_4.1.x86_64.rpm      18 MB/s | 2.6 MB     00:00    
(77/84): expat-2.5.0-2.el9_4.1.x86_64.rpm       2.3 MB/s | 119 kB     00:00    
(78/84): openssl-3.0.7-28.el9_4.x86_64.rpm       17 MB/s | 1.2 MB     00:00    
(79/84): openssl-libs-3.0.7-28.el9_4.x86_64.rpm  19 MB/s | 1.9 MB     00:00    
(80/84): kernel-tools-5.14.0-427.37.1.el9_4.x86  17 MB/s | 5.0 MB     00:00    
(81/84): kernel-tools-libs-5.14.0-427.37.1.el9_  14 MB/s | 4.7 MB     00:00    
(82/84): rh-amazon-rhui-client-4.0.19-1.el9.noa 1.2 MB/s |  46 kB     00:00    
(83/84): python3-perf-5.14.0-427.37.1.el9_4.x86  19 MB/s | 4.8 MB     00:00    
(84/84): linux-firmware-20240716-143.2.el9_4.no  40 MB/s | 383 MB     00:09    
--------------------------------------------------------------------------------
Total                                            42 MB/s | 554 MB     00:13     
Running transaction check
Transaction check succeeded.
Running transaction test
Transaction test succeeded.
Running transaction
  Running scriptlet: selinux-policy-targeted-38.1.35-2.el9_4.2.noarch       1/1 
  Preparing        :                                                        1/1 
  Upgrading        : glibc-common-2.34-100.el9_4.3.x86_64                 1/158 
  Upgrading        : glibc-gconv-extra-2.34-100.el9_4.3.x86_64            2/158 
  Running scriptlet: glibc-gconv-extra-2.34-100.el9_4.3.x86_64            2/158 
  Upgrading        : glibc-langpack-en-2.34-100.el9_4.3.x86_64            3/158 
  Running scriptlet: glibc-2.34-100.el9_4.3.x86_64                        4/158 
  Upgrading        : glibc-2.34-100.el9_4.3.x86_64                        4/158 
  Running scriptlet: glibc-2.34-100.el9_4.3.x86_64                        4/158 
  Upgrading        : glib2-2.68.4-14.el9_4.1.x86_64                       5/158 
  Upgrading        : grub2-common-1:2.06-82.el9_4.noarch                  6/158 
  Upgrading        : nspr-4.35.0-14.el9_2.x86_64                          7/158 
  Upgrading        : nss-util-3.101.0-7.el9_2.x86_64                      8/158 
  Upgrading        : grub2-tools-minimal-1:2.06-82.el9_4.x86_64           9/158 
  Running scriptlet: grub2-tools-1:2.06-82.el9_4.x86_64                  10/158 
  Upgrading        : grub2-tools-1:2.06-82.el9_4.x86_64                  10/158 
  Upgrading        : libdnf-0.69.0-8.el9_4.1.x86_64                      11/158 
  Upgrading        : libsss_idmap-2.9.4-6.el9_4.1.x86_64                 12/158 
  Upgrading        : libldb-2.8.0-2.el9_4.x86_64                         13/158 
  Running scriptlet: ca-certificates-2024.2.69_v8.0.303-91.4.el9_4.no    14/158 
  Upgrading        : ca-certificates-2024.2.69_v8.0.303-91.4.el9_4.no    14/158 
  Running scriptlet: ca-certificates-2024.2.69_v8.0.303-91.4.el9_4.no    14/158 
  Upgrading        : openssl-libs-1:3.0.7-28.el9_4.x86_64                15/158 
  Upgrading        : systemd-libs-252-32.el9_4.7.x86_64                  16/158 
  Running scriptlet: systemd-libs-252-32.el9_4.7.x86_64                  16/158 
  Upgrading        : krb5-libs-1.21.1-2.el9_4.x86_64                     17/158 
  Upgrading        : libcurl-7.76.1-29.el9_4.1.x86_64                    18/158 
  Upgrading        : NetworkManager-libnm-1:1.46.0-19.el9_4.x86_64       19/158 
  Running scriptlet: NetworkManager-libnm-1:1.46.0-19.el9_4.x86_64       19/158 
  Running scriptlet: openssh-8.7p1-38.el9_4.4.x86_64                     20/158 
  Upgrading        : openssh-8.7p1-38.el9_4.4.x86_64                     20/158 
  Upgrading        : libsss_certmap-2.9.4-6.el9_4.1.x86_64               21/158 
  Upgrading        : openssl-1:3.0.7-28.el9_4.x86_64                     22/158 
  Upgrading        : nss-softokn-freebl-3.101.0-7.el9_2.x86_64           23/158 
  Upgrading        : nss-softokn-3.101.0-7.el9_2.x86_64                  24/158 
  Upgrading        : nss-3.101.0-7.el9_2.x86_64                          25/158 
  Running scriptlet: nss-3.101.0-7.el9_2.x86_64                          25/158 
  Upgrading        : nss-sysinit-3.101.0-7.el9_2.x86_64                  26/158 
  Upgrading        : grub2-pc-modules-1:2.06-82.el9_4.noarch             27/158 
  Installing       : graphite2-1.3.14-9.el9.x86_64                       28/158 
  Installing       : libpng-2:1.6.37-12.el9.x86_64                       29/158 
  Installing       : freetype-2.10.4-9.el9.x86_64                        30/158 
  Installing       : harfbuzz-2.7.4-10.el9.x86_64                        31/158 
  Upgrading        : libndp-1.8-6.el9_4.x86_64                           32/158 
  Upgrading        : libsss_nss_idmap-2.9.4-6.el9_4.1.x86_64             33/158 
  Upgrading        : sssd-client-2.9.4-6.el9_4.1.x86_64                  34/158 
  Running scriptlet: sssd-client-2.9.4-6.el9_4.1.x86_64                  34/158 
  Upgrading        : libsss_sudo-2.9.4-6.el9_4.1.x86_64                  35/158 
  Upgrading        : iptables-libs-1.8.10-4.el9_4.x86_64                 36/158 
  Upgrading        : libmnl-1.0.4-16.el9_4.x86_64                        37/158 
  Upgrading        : expat-2.5.0-2.el9_4.1.x86_64                        38/158 
  Upgrading        : kernel-tools-libs-5.14.0-427.37.1.el9_4.x86_64      39/158 
  Running scriptlet: kernel-tools-libs-5.14.0-427.37.1.el9_4.x86_64      39/158 
  Upgrading        : selinux-policy-38.1.35-2.el9_4.2.noarch             40/158 
  Running scriptlet: selinux-policy-38.1.35-2.el9_4.2.noarch             40/158 
  Running scriptlet: selinux-policy-targeted-38.1.35-2.el9_4.2.noarch    41/158 
  Upgrading        : selinux-policy-targeted-38.1.35-2.el9_4.2.noarch    41/158 
  Running scriptlet: selinux-policy-targeted-38.1.35-2.el9_4.2.noarch    41/158 
  Upgrading        : systemd-rpm-macros-252-32.el9_4.7.noarch            42/158 
  Running scriptlet: systemd-252-32.el9_4.7.x86_64                       43/158 
  Upgrading        : systemd-252-32.el9_4.7.x86_64                       43/158 
  Running scriptlet: systemd-252-32.el9_4.7.x86_64                       43/158 
  Upgrading        : systemd-pam-252-32.el9_4.7.x86_64                   44/158 
  Upgrading        : systemd-udev-252-32.el9_4.7.x86_64                  45/158 
  Running scriptlet: systemd-udev-252-32.el9_4.7.x86_64                  45/158 
  Running scriptlet: NetworkManager-1:1.46.0-19.el9_4.x86_64             46/158 
  Upgrading        : NetworkManager-1:1.46.0-19.el9_4.x86_64             46/158 
  Running scriptlet: NetworkManager-1:1.46.0-19.el9_4.x86_64             46/158 
  Running scriptlet: sssd-common-2.9.4-6.el9_4.1.x86_64                  47/158 
  Upgrading        : sssd-common-2.9.4-6.el9_4.1.x86_64                  47/158 
  Running scriptlet: sssd-common-2.9.4-6.el9_4.1.x86_64                  47/158 
  Upgrading        : linux-firmware-whence-20240716-143.2.el9_4.noarc    48/158 
  Upgrading        : linux-firmware-20240716-143.2.el9_4.noarch          49/158 
  Installing       : kernel-modules-core-5.14.0-427.37.1.el9_4.x86_64    50/158 
  Installing       : kernel-core-5.14.0-427.37.1.el9_4.x86_64            51/158 
  Running scriptlet: kernel-core-5.14.0-427.37.1.el9_4.x86_64            51/158 
  Installing       : kernel-modules-5.14.0-427.37.1.el9_4.x86_64         52/158 
  Running scriptlet: kernel-modules-5.14.0-427.37.1.el9_4.x86_64         52/158 
  Upgrading        : redhat-release-eula-9.4-0.5.el9.x86_64              53/158 
  Upgrading        : python3-setuptools-wheel-53.0.0-12.el9_4.1.noarc    54/158 
  Upgrading        : python3-libs-3.9.18-3.el9_4.5.x86_64                55/158 
  Upgrading        : python3-3.9.18-3.el9_4.5.x86_64                     56/158 
  Upgrading        : python-unversioned-command-3.9.18-3.el9_4.5.noar    57/158 
  Upgrading        : python3-setuptools-53.0.0-12.el9_4.1.noarch         58/158 
  Upgrading        : python3-libdnf-0.69.0-8.el9_4.1.x86_64              59/158 
  Upgrading        : python3-hawkey-0.69.0-8.el9_4.1.x86_64              60/158 
  Upgrading        : cloud-init-23.4-7.el9_4.6.noarch                    61/158 
  Running scriptlet: cloud-init-23.4-7.el9_4.6.noarch                    61/158 
  Upgrading        : python3-urllib3-1.26.5-5.el9_4.1.noarch             62/158 
  Upgrading        : kernel-tools-5.14.0-427.37.1.el9_4.x86_64           63/158 
  Running scriptlet: kernel-tools-5.14.0-427.37.1.el9_4.x86_64           63/158 
  Upgrading        : python3-perf-5.14.0-427.37.1.el9_4.x86_64           64/158 
  Upgrading        : rh-amazon-rhui-client-4.0.19-1.el9.noarch           65/158 
warning: /etc/yum.repos.d/redhat-rhui.repo saved as /etc/yum.repos.d/redhat-rhui.repo.rpmsave

  Running scriptlet: rh-amazon-rhui-client-4.0.19-1.el9.noarch           65/158 
[INFO:choose_repo] choose_repo:33 2024-09-26 14:52:53,713: Enabling binary repos in redhat-rhui.repo
[INFO:choose_repo] choose_repo:56 2024-09-26 14:52:53,715: Enabling client config repo
[INFO:choose_repo] choose_repo:64 2024-09-26 14:52:53,715: Executing [sed -i 's/enabled=0/enabled=1/' /etc/yum.repos.d/redhat-rhui-client-config.repo]

  Upgrading        : redhat-release-9.4-0.5.el9.x86_64                   66/158 
  Installing       : kernel-5.14.0-427.37.1.el9_4.x86_64                 67/158 
  Upgrading        : sssd-kcm-2.9.4-6.el9_4.1.x86_64                     68/158 
  Running scriptlet: sssd-kcm-2.9.4-6.el9_4.1.x86_64                     68/158 
  Upgrading        : NetworkManager-cloud-setup-1:1.46.0-19.el9_4.x86    69/158 
  Running scriptlet: NetworkManager-cloud-setup-1:1.46.0-19.el9_4.x86    69/158 
  Upgrading        : NetworkManager-team-1:1.46.0-19.el9_4.x86_64        70/158 
  Upgrading        : NetworkManager-tui-1:1.46.0-19.el9_4.x86_64         71/158 
  Upgrading        : kexec-tools-2.0.27-8.el9_4.3.x86_64                 72/158 
  Running scriptlet: kexec-tools-2.0.27-8.el9_4.3.x86_64                 72/158 
  Running scriptlet: openssh-server-8.7p1-38.el9_4.4.x86_64              73/158 
  Upgrading        : openssh-server-8.7p1-38.el9_4.4.x86_64              73/158 
  Running scriptlet: openssh-server-8.7p1-38.el9_4.4.x86_64              73/158 
  Upgrading        : mdadm-4.2-14.el9_4.x86_64                           74/158 
  Running scriptlet: mdadm-4.2-14.el9_4.x86_64                           74/158 
  Upgrading        : iptables-nft-1.8.10-4.el9_4.x86_64                  75/158 
  Running scriptlet: iptables-nft-1.8.10-4.el9_4.x86_64                  75/158 
  Installing       : grub2-tools-extra-1:2.06-82.el9_4.x86_64            76/158 
  Upgrading        : grub2-pc-1:2.06-82.el9_4.x86_64                     77/158 
  Upgrading        : openssh-clients-8.7p1-38.el9_4.4.x86_64             78/158 
  Running scriptlet: openssh-clients-8.7p1-38.el9_4.4.x86_64             78/158 
  Upgrading        : curl-7.76.1-29.el9_4.1.x86_64                       79/158 
  Upgrading        : libevent-2.1.12-8.el9_4.x86_64                      80/158 
  Upgrading        : grub2-efi-x64-1:2.06-82.el9_4.x86_64                81/158 
  Installing       : grub2-tools-efi-1:2.06-82.el9_4.x86_64              82/158 
  Upgrading        : tar-2:1.34-6.el9_4.1.x86_64                         83/158 
  Upgrading        : shim-x64-15.8-4.el9_3.x86_64                        84/158 
  Running scriptlet: cloud-init-23.4-7.el9_4.3.noarch                    85/158 
  Cleanup          : cloud-init-23.4-7.el9_4.3.noarch                    85/158 
  Running scriptlet: cloud-init-23.4-7.el9_4.3.noarch                    85/158 
  Cleanup          : NetworkManager-tui-1:1.46.0-8.el9_4.x86_64          86/158 
  Cleanup          : nss-3.90.0-7.el9_4.x86_64                           87/158 
  Running scriptlet: openssh-server-8.7p1-38.el9.x86_64                  88/158 
  Cleanup          : openssh-server-8.7p1-38.el9.x86_64                  88/158 
  Running scriptlet: openssh-server-8.7p1-38.el9.x86_64                  88/158 
  Running scriptlet: NetworkManager-cloud-setup-1:1.46.0-8.el9_4.x86_    89/158 
  Cleanup          : NetworkManager-cloud-setup-1:1.46.0-8.el9_4.x86_    89/158 
  Running scriptlet: NetworkManager-cloud-setup-1:1.46.0-8.el9_4.x86_    89/158 
  Cleanup          : grub2-pc-1:2.06-80.el9_4.x86_64                     90/158 
  Cleanup          : grub2-efi-x64-1:2.06-80.el9_4.x86_64                91/158 
  Running scriptlet: rh-amazon-rhui-client-4.0.18-1.el9.noarch           92/158 
  Cleanup          : rh-amazon-rhui-client-4.0.18-1.el9.noarch           92/158 
  Cleanup          : python3-urllib3-1.26.5-5.el9.noarch                 93/158 
  Running scriptlet: selinux-policy-38.1.35-2.el9_4.noarch               94/158 
  Cleanup          : selinux-policy-38.1.35-2.el9_4.noarch               94/158 
  Running scriptlet: selinux-policy-38.1.35-2.el9_4.noarch               94/158 
  Cleanup          : grub2-pc-modules-1:2.06-80.el9_4.noarch             95/158 
  Cleanup          : python3-setuptools-53.0.0-12.el9.noarch             96/158 
  Cleanup          : linux-firmware-20240219-143.el9.noarch              97/158 
  Cleanup          : redhat-release-9.4-0.4.el9.x86_64                   98/158 
  Cleanup          : redhat-release-eula-9.4-0.4.el9.x86_64              99/158 
  Cleanup          : linux-firmware-whence-20240219-143.el9.noarch      100/158 
  Cleanup          : selinux-policy-targeted-38.1.35-2.el9_4.noarch     101/158 
  Running scriptlet: selinux-policy-targeted-38.1.35-2.el9_4.noarch     101/158 
  Cleanup          : shim-x64-15.8-3.el9_4.x86_64                       102/158 
  Cleanup          : nss-softokn-3.90.0-7.el9_4.x86_64                  103/158 
  Running scriptlet: sssd-kcm-2.9.4-6.el9_4.x86_64                      104/158 
  Cleanup          : sssd-kcm-2.9.4-6.el9_4.x86_64                      104/158 
  Running scriptlet: sssd-kcm-2.9.4-6.el9_4.x86_64                      104/158 
  Running scriptlet: sssd-common-2.9.4-6.el9_4.x86_64                   105/158 
  Cleanup          : sssd-common-2.9.4-6.el9_4.x86_64                   105/158 
  Running scriptlet: sssd-common-2.9.4-6.el9_4.x86_64                   105/158 
  Running scriptlet: sssd-client-2.9.4-6.el9_4.x86_64                   106/158 
  Cleanup          : sssd-client-2.9.4-6.el9_4.x86_64                   106/158 
  Running scriptlet: mdadm-4.2-12.el9_4.x86_64                          107/158 
  Cleanup          : mdadm-4.2-12.el9_4.x86_64                          107/158 
  Running scriptlet: mdadm-4.2-12.el9_4.x86_64                          107/158 
  Cleanup          : libevent-2.1.12-6.el9.x86_64                       108/158 
  Running scriptlet: openssh-clients-8.7p1-38.el9.x86_64                109/158 
  Cleanup          : openssh-clients-8.7p1-38.el9.x86_64                109/158 
  Running scriptlet: kernel-tools-5.14.0-427.20.1.el9_4.x86_64          110/158 
  Cleanup          : kernel-tools-5.14.0-427.20.1.el9_4.x86_64          110/158 
  Running scriptlet: kernel-tools-5.14.0-427.20.1.el9_4.x86_64          110/158 
  Cleanup          : openssl-1:3.0.7-27.el9.x86_64                      111/158 
  Cleanup          : openssh-8.7p1-38.el9.x86_64                        112/158 
  Cleanup          : iptables-nft-1.8.10-2.el9.x86_64                   113/158 
  Running scriptlet: iptables-nft-1.8.10-2.el9.x86_64                   113/158 
  Cleanup          : iptables-libs-1.8.10-2.el9.x86_64                  114/158 
  Running scriptlet: kexec-tools-2.0.27-8.el9.x86_64                    115/158 
  Cleanup          : kexec-tools-2.0.27-8.el9.x86_64                    115/158 
  Running scriptlet: kexec-tools-2.0.27-8.el9.x86_64                    115/158 
  Cleanup          : python3-perf-5.14.0-427.20.1.el9_4.x86_64          116/158 
  Cleanup          : tar-2:1.34-6.el9_1.x86_64                          117/158 
  Cleanup          : grub2-tools-1:2.06-80.el9_4.x86_64                 118/158 
  Cleanup          : grub2-tools-minimal-1:2.06-80.el9_4.x86_64         119/158 
  Cleanup          : curl-7.76.1-29.el9_4.x86_64                        120/158 
  Cleanup          : nss-softokn-freebl-3.90.0-7.el9_4.x86_64           121/158 
  Cleanup          : python3-hawkey-0.69.0-8.el9.x86_64                 122/158 
  Cleanup          : python3-libdnf-0.69.0-8.el9.x86_64                 123/158 
  Cleanup          : python3-libs-3.9.18-3.el9.x86_64                   124/158 
  Cleanup          : python-unversioned-command-3.9.18-3.el9.noarch     125/158 
  Cleanup          : python3-3.9.18-3.el9.x86_64                        126/158 
  Cleanup          : libdnf-0.69.0-8.el9.x86_64                         127/158 
  Cleanup          : libsss_nss_idmap-2.9.4-6.el9_4.x86_64              128/158 
  Cleanup          : nss-sysinit-3.90.0-7.el9_4.x86_64                  129/158 
  Cleanup          : nss-util-3.90.0-7.el9_4.x86_64                     130/158 
  Cleanup          : nspr-4.35.0-7.el9_4.x86_64                         131/158 
  Cleanup          : expat-2.5.0-2.el9_4.x86_64                         132/158 
  Cleanup          : libldb-2.8.0-1.el9.x86_64                          133/158 
  Cleanup          : libsss_certmap-2.9.4-6.el9_4.x86_64                134/158 
  Cleanup          : NetworkManager-team-1:1.46.0-8.el9_4.x86_64        135/158 
  Running scriptlet: NetworkManager-1:1.46.0-8.el9_4.x86_64             136/158 
  Cleanup          : NetworkManager-1:1.46.0-8.el9_4.x86_64             136/158 
  Running scriptlet: NetworkManager-1:1.46.0-8.el9_4.x86_64             136/158 
  Running scriptlet: systemd-udev-252-32.el9_4.x86_64                   137/158 
  Cleanup          : systemd-udev-252-32.el9_4.x86_64                   137/158 
  Running scriptlet: systemd-udev-252-32.el9_4.x86_64                   137/158 
  Cleanup          : systemd-252-32.el9_4.x86_64                        138/158 
  Running scriptlet: systemd-252-32.el9_4.x86_64                        138/158 
  Cleanup          : systemd-pam-252-32.el9_4.x86_64                    139/158 
  Cleanup          : NetworkManager-libnm-1:1.46.0-8.el9_4.x86_64       140/158 
  Running scriptlet: NetworkManager-libnm-1:1.46.0-8.el9_4.x86_64       140/158 
  Cleanup          : systemd-libs-252-32.el9_4.x86_64                   141/158 
  Cleanup          : glib2-2.68.4-14.el9.x86_64                         142/158 
  Cleanup          : libcurl-7.76.1-29.el9_4.x86_64                     143/158 
  Cleanup          : krb5-libs-1.21.1-1.el9.x86_64                      144/158 
  Cleanup          : openssl-libs-1:3.0.7-27.el9.x86_64                 145/158 
  Cleanup          : libndp-1.8-4.el9.x86_64                            146/158 
  Cleanup          : libsss_sudo-2.9.4-6.el9_4.x86_64                   147/158 
  Cleanup          : libmnl-1.0.4-15.el9.x86_64                         148/158 
  Cleanup          : kernel-tools-libs-5.14.0-427.20.1.el9_4.x86_64     149/158 
  Running scriptlet: kernel-tools-libs-5.14.0-427.20.1.el9_4.x86_64     149/158 
  Cleanup          : libsss_idmap-2.9.4-6.el9_4.x86_64                  150/158 
  Cleanup          : ca-certificates-2023.2.60_v7.0.306-90.1.el9_2.no   151/158 
  Cleanup          : systemd-rpm-macros-252-32.el9_4.noarch             152/158 
  Cleanup          : python3-setuptools-wheel-53.0.0-12.el9.noarch      153/158 
  Cleanup          : grub2-common-1:2.06-80.el9_4.noarch                154/158 
  Cleanup          : glibc-2.34-100.el9_4.2.x86_64                      155/158 
  Cleanup          : glibc-langpack-en-2.34-100.el9_4.2.x86_64          156/158 
  Cleanup          : glibc-gconv-extra-2.34-100.el9_4.2.x86_64          157/158 
  Running scriptlet: glibc-gconv-extra-2.34-100.el9_4.2.x86_64          157/158 
  Cleanup          : glibc-common-2.34-100.el9_4.2.x86_64               158/158 
  Running scriptlet: grub2-common-1:2.06-82.el9_4.noarch                158/158 
  Running scriptlet: ca-certificates-2024.2.69_v8.0.303-91.4.el9_4.no   158/158 
  Running scriptlet: nss-3.101.0-7.el9_2.x86_64                         158/158 
  Running scriptlet: selinux-policy-targeted-38.1.35-2.el9_4.2.noarch   158/158 
  Running scriptlet: sssd-common-2.9.4-6.el9_4.1.x86_64                 158/158 
  Running scriptlet: kernel-modules-core-5.14.0-427.37.1.el9_4.x86_64   158/158 
  Running scriptlet: kernel-core-5.14.0-427.37.1.el9_4.x86_64           158/158 
  Running scriptlet: kernel-modules-5.14.0-427.37.1.el9_4.x86_64        158/158 
  Running scriptlet: kexec-tools-2.0.27-8.el9_4.3.x86_64                158/158 
  Running scriptlet: glibc-common-2.34-100.el9_4.2.x86_64               158/158 
  Verifying        : graphite2-1.3.14-9.el9.x86_64                        1/158 
  Verifying        : libpng-2:1.6.37-12.el9.x86_64                        2/158 
  Verifying        : freetype-2.10.4-9.el9.x86_64                         3/158 
  Verifying        : harfbuzz-2.7.4-10.el9.x86_64                         4/158 
  Verifying        : grub2-tools-efi-1:2.06-82.el9_4.x86_64               5/158 
  Verifying        : grub2-tools-extra-1:2.06-82.el9_4.x86_64             6/158 
  Verifying        : kernel-5.14.0-427.37.1.el9_4.x86_64                  7/158 
  Verifying        : kernel-core-5.14.0-427.37.1.el9_4.x86_64             8/158 
  Verifying        : kernel-modules-5.14.0-427.37.1.el9_4.x86_64          9/158 
  Verifying        : kernel-modules-core-5.14.0-427.37.1.el9_4.x86_64    10/158 
  Verifying        : cloud-init-23.4-7.el9_4.6.noarch                    11/158 
  Verifying        : cloud-init-23.4-7.el9_4.3.noarch                    12/158 
  Verifying        : python-unversioned-command-3.9.18-3.el9_4.5.noar    13/158 
  Verifying        : python-unversioned-command-3.9.18-3.el9.noarch      14/158 
  Verifying        : NetworkManager-cloud-setup-1:1.46.0-19.el9_4.x86    15/158 
  Verifying        : NetworkManager-cloud-setup-1:1.46.0-8.el9_4.x86_    16/158 
  Verifying        : nspr-4.35.0-14.el9_2.x86_64                         17/158 
  Verifying        : nspr-4.35.0-7.el9_4.x86_64                          18/158 
  Verifying        : nss-3.101.0-7.el9_2.x86_64                          19/158 
  Verifying        : nss-3.90.0-7.el9_4.x86_64                           20/158 
  Verifying        : nss-softokn-3.101.0-7.el9_2.x86_64                  21/158 
  Verifying        : nss-softokn-3.90.0-7.el9_4.x86_64                   22/158 
  Verifying        : nss-softokn-freebl-3.101.0-7.el9_2.x86_64           23/158 
  Verifying        : nss-softokn-freebl-3.90.0-7.el9_4.x86_64            24/158 
  Verifying        : nss-sysinit-3.101.0-7.el9_2.x86_64                  25/158 
  Verifying        : nss-sysinit-3.90.0-7.el9_4.x86_64                   26/158 
  Verifying        : nss-util-3.101.0-7.el9_2.x86_64                     27/158 
  Verifying        : nss-util-3.90.0-7.el9_4.x86_64                      28/158 
  Verifying        : shim-x64-15.8-4.el9_3.x86_64                        29/158 
  Verifying        : shim-x64-15.8-3.el9_4.x86_64                        30/158 
  Verifying        : selinux-policy-38.1.35-2.el9_4.2.noarch             31/158 
  Verifying        : selinux-policy-38.1.35-2.el9_4.noarch               32/158 
  Verifying        : selinux-policy-targeted-38.1.35-2.el9_4.2.noarch    33/158 
  Verifying        : selinux-policy-targeted-38.1.35-2.el9_4.noarch      34/158 
  Verifying        : openssh-8.7p1-38.el9_4.4.x86_64                     35/158 
  Verifying        : openssh-8.7p1-38.el9.x86_64                         36/158 
  Verifying        : openssh-clients-8.7p1-38.el9_4.4.x86_64             37/158 
  Verifying        : openssh-clients-8.7p1-38.el9.x86_64                 38/158 
  Verifying        : openssh-server-8.7p1-38.el9_4.4.x86_64              39/158 
  Verifying        : openssh-server-8.7p1-38.el9.x86_64                  40/158 
  Verifying        : libndp-1.8-6.el9_4.x86_64                           41/158 
  Verifying        : libndp-1.8-4.el9.x86_64                             42/158 
  Verifying        : libsss_certmap-2.9.4-6.el9_4.1.x86_64               43/158 
  Verifying        : libsss_certmap-2.9.4-6.el9_4.x86_64                 44/158 
  Verifying        : libsss_idmap-2.9.4-6.el9_4.1.x86_64                 45/158 
  Verifying        : libsss_idmap-2.9.4-6.el9_4.x86_64                   46/158 
  Verifying        : libsss_nss_idmap-2.9.4-6.el9_4.1.x86_64             47/158 
  Verifying        : libsss_nss_idmap-2.9.4-6.el9_4.x86_64               48/158 
  Verifying        : libsss_sudo-2.9.4-6.el9_4.1.x86_64                  49/158 
  Verifying        : libsss_sudo-2.9.4-6.el9_4.x86_64                    50/158 
  Verifying        : sssd-client-2.9.4-6.el9_4.1.x86_64                  51/158 
  Verifying        : sssd-client-2.9.4-6.el9_4.x86_64                    52/158 
  Verifying        : sssd-common-2.9.4-6.el9_4.1.x86_64                  53/158 
  Verifying        : sssd-common-2.9.4-6.el9_4.x86_64                    54/158 
  Verifying        : sssd-kcm-2.9.4-6.el9_4.1.x86_64                     55/158 
  Verifying        : sssd-kcm-2.9.4-6.el9_4.x86_64                       56/158 
  Verifying        : kexec-tools-2.0.27-8.el9_4.3.x86_64                 57/158 
  Verifying        : kexec-tools-2.0.27-8.el9.x86_64                     58/158 
  Verifying        : curl-7.76.1-29.el9_4.1.x86_64                       59/158 
  Verifying        : curl-7.76.1-29.el9_4.x86_64                         60/158 
  Verifying        : libcurl-7.76.1-29.el9_4.1.x86_64                    61/158 
  Verifying        : libcurl-7.76.1-29.el9_4.x86_64                      62/158 
  Verifying        : python3-setuptools-53.0.0-12.el9_4.1.noarch         63/158 
  Verifying        : python3-setuptools-53.0.0-12.el9.noarch             64/158 
  Verifying        : python3-setuptools-wheel-53.0.0-12.el9_4.1.noarc    65/158 
  Verifying        : python3-setuptools-wheel-53.0.0-12.el9.noarch       66/158 
  Verifying        : ca-certificates-2024.2.69_v8.0.303-91.4.el9_4.no    67/158 
  Verifying        : ca-certificates-2023.2.60_v7.0.306-90.1.el9_2.no    68/158 
  Verifying        : glibc-2.34-100.el9_4.3.x86_64                       69/158 
  Verifying        : glibc-2.34-100.el9_4.2.x86_64                       70/158 
  Verifying        : glibc-common-2.34-100.el9_4.3.x86_64                71/158 
  Verifying        : glibc-common-2.34-100.el9_4.2.x86_64                72/158 
  Verifying        : glibc-gconv-extra-2.34-100.el9_4.3.x86_64           73/158 
  Verifying        : glibc-gconv-extra-2.34-100.el9_4.2.x86_64           74/158 
  Verifying        : glibc-langpack-en-2.34-100.el9_4.3.x86_64           75/158 
  Verifying        : glibc-langpack-en-2.34-100.el9_4.2.x86_64           76/158 
  Verifying        : redhat-release-9.4-0.5.el9.x86_64                   77/158 
  Verifying        : redhat-release-9.4-0.4.el9.x86_64                   78/158 
  Verifying        : redhat-release-eula-9.4-0.5.el9.x86_64              79/158 
  Verifying        : redhat-release-eula-9.4-0.4.el9.x86_64              80/158 
  Verifying        : grub2-common-1:2.06-82.el9_4.noarch                 81/158 
  Verifying        : grub2-common-1:2.06-80.el9_4.noarch                 82/158 
  Verifying        : grub2-efi-x64-1:2.06-82.el9_4.x86_64                83/158 
  Verifying        : grub2-efi-x64-1:2.06-80.el9_4.x86_64                84/158 
  Verifying        : grub2-pc-1:2.06-82.el9_4.x86_64                     85/158 
  Verifying        : grub2-pc-1:2.06-80.el9_4.x86_64                     86/158 
  Verifying        : grub2-pc-modules-1:2.06-82.el9_4.noarch             87/158 
  Verifying        : grub2-pc-modules-1:2.06-80.el9_4.noarch             88/158 
  Verifying        : grub2-tools-1:2.06-82.el9_4.x86_64                  89/158 
  Verifying        : grub2-tools-1:2.06-80.el9_4.x86_64                  90/158 
  Verifying        : grub2-tools-minimal-1:2.06-82.el9_4.x86_64          91/158 
  Verifying        : grub2-tools-minimal-1:2.06-80.el9_4.x86_64          92/158 
  Verifying        : libevent-2.1.12-8.el9_4.x86_64                      93/158 
  Verifying        : libevent-2.1.12-6.el9.x86_64                        94/158 
  Verifying        : libldb-2.8.0-2.el9_4.x86_64                         95/158 
  Verifying        : libldb-2.8.0-1.el9.x86_64                           96/158 
  Verifying        : python3-urllib3-1.26.5-5.el9_4.1.noarch             97/158 
  Verifying        : python3-urllib3-1.26.5-5.el9.noarch                 98/158 
  Verifying        : iptables-libs-1.8.10-4.el9_4.x86_64                 99/158 
  Verifying        : iptables-libs-1.8.10-2.el9.x86_64                  100/158 
  Verifying        : iptables-nft-1.8.10-4.el9_4.x86_64                 101/158 
  Verifying        : iptables-nft-1.8.10-2.el9.x86_64                   102/158 
  Verifying        : libdnf-0.69.0-8.el9_4.1.x86_64                     103/158 
  Verifying        : libdnf-0.69.0-8.el9.x86_64                         104/158 
  Verifying        : libmnl-1.0.4-16.el9_4.x86_64                       105/158 
  Verifying        : libmnl-1.0.4-15.el9.x86_64                         106/158 
  Verifying        : linux-firmware-20240716-143.2.el9_4.noarch         107/158 
  Verifying        : linux-firmware-20240219-143.el9.noarch             108/158 
  Verifying        : linux-firmware-whence-20240716-143.2.el9_4.noarc   109/158 
  Verifying        : linux-firmware-whence-20240219-143.el9.noarch      110/158 
  Verifying        : python3-3.9.18-3.el9_4.5.x86_64                    111/158 
  Verifying        : python3-3.9.18-3.el9.x86_64                        112/158 
  Verifying        : python3-hawkey-0.69.0-8.el9_4.1.x86_64             113/158 
  Verifying        : python3-hawkey-0.69.0-8.el9.x86_64                 114/158 
  Verifying        : python3-libdnf-0.69.0-8.el9_4.1.x86_64             115/158 
  Verifying        : python3-libdnf-0.69.0-8.el9.x86_64                 116/158 
  Verifying        : python3-libs-3.9.18-3.el9_4.5.x86_64               117/158 
  Verifying        : python3-libs-3.9.18-3.el9.x86_64                   118/158 
  Verifying        : krb5-libs-1.21.1-2.el9_4.x86_64                    119/158 
  Verifying        : krb5-libs-1.21.1-1.el9.x86_64                      120/158 
  Verifying        : systemd-252-32.el9_4.7.x86_64                      121/158 
  Verifying        : systemd-252-32.el9_4.x86_64                        122/158 
  Verifying        : systemd-libs-252-32.el9_4.7.x86_64                 123/158 
  Verifying        : systemd-libs-252-32.el9_4.x86_64                   124/158 
  Verifying        : systemd-pam-252-32.el9_4.7.x86_64                  125/158 
  Verifying        : systemd-pam-252-32.el9_4.x86_64                    126/158 
  Verifying        : systemd-rpm-macros-252-32.el9_4.7.noarch           127/158 
  Verifying        : systemd-rpm-macros-252-32.el9_4.noarch             128/158 
  Verifying        : systemd-udev-252-32.el9_4.7.x86_64                 129/158 
  Verifying        : systemd-udev-252-32.el9_4.x86_64                   130/158 
  Verifying        : NetworkManager-1:1.46.0-19.el9_4.x86_64            131/158 
  Verifying        : NetworkManager-1:1.46.0-8.el9_4.x86_64             132/158 
  Verifying        : NetworkManager-libnm-1:1.46.0-19.el9_4.x86_64      133/158 
  Verifying        : NetworkManager-libnm-1:1.46.0-8.el9_4.x86_64       134/158 
  Verifying        : NetworkManager-team-1:1.46.0-19.el9_4.x86_64       135/158 
  Verifying        : NetworkManager-team-1:1.46.0-8.el9_4.x86_64        136/158 
  Verifying        : NetworkManager-tui-1:1.46.0-19.el9_4.x86_64        137/158 
  Verifying        : NetworkManager-tui-1:1.46.0-8.el9_4.x86_64         138/158 
  Verifying        : glib2-2.68.4-14.el9_4.1.x86_64                     139/158 
  Verifying        : glib2-2.68.4-14.el9.x86_64                         140/158 
  Verifying        : tar-2:1.34-6.el9_4.1.x86_64                        141/158 
  Verifying        : tar-2:1.34-6.el9_1.x86_64                          142/158 
  Verifying        : mdadm-4.2-14.el9_4.x86_64                          143/158 
  Verifying        : mdadm-4.2-12.el9_4.x86_64                          144/158 
  Verifying        : expat-2.5.0-2.el9_4.1.x86_64                       145/158 
  Verifying        : expat-2.5.0-2.el9_4.x86_64                         146/158 
  Verifying        : openssl-1:3.0.7-28.el9_4.x86_64                    147/158 
  Verifying        : openssl-1:3.0.7-27.el9.x86_64                      148/158 
  Verifying        : openssl-libs-1:3.0.7-28.el9_4.x86_64               149/158 
  Verifying        : openssl-libs-1:3.0.7-27.el9.x86_64                 150/158 
  Verifying        : kernel-tools-5.14.0-427.37.1.el9_4.x86_64          151/158 
  Verifying        : kernel-tools-5.14.0-427.20.1.el9_4.x86_64          152/158 
  Verifying        : kernel-tools-libs-5.14.0-427.37.1.el9_4.x86_64     153/158 
  Verifying        : kernel-tools-libs-5.14.0-427.20.1.el9_4.x86_64     154/158 
  Verifying        : python3-perf-5.14.0-427.37.1.el9_4.x86_64          155/158 
  Verifying        : python3-perf-5.14.0-427.20.1.el9_4.x86_64          156/158 
  Verifying        : rh-amazon-rhui-client-4.0.19-1.el9.noarch          157/158 
  Verifying        : rh-amazon-rhui-client-4.0.18-1.el9.noarch          158/158 
Installed products updated.

Upgraded:
  NetworkManager-1:1.46.0-19.el9_4.x86_64                                       
  NetworkManager-cloud-setup-1:1.46.0-19.el9_4.x86_64                           
  NetworkManager-libnm-1:1.46.0-19.el9_4.x86_64                                 
  NetworkManager-team-1:1.46.0-19.el9_4.x86_64                                  
  NetworkManager-tui-1:1.46.0-19.el9_4.x86_64                                   
  ca-certificates-2024.2.69_v8.0.303-91.4.el9_4.noarch                          
  cloud-init-23.4-7.el9_4.6.noarch                                              
  curl-7.76.1-29.el9_4.1.x86_64                                                 
  expat-2.5.0-2.el9_4.1.x86_64                                                  
  glib2-2.68.4-14.el9_4.1.x86_64                                                
  glibc-2.34-100.el9_4.3.x86_64                                                 
  glibc-common-2.34-100.el9_4.3.x86_64                                          
  glibc-gconv-extra-2.34-100.el9_4.3.x86_64                                     
  glibc-langpack-en-2.34-100.el9_4.3.x86_64                                     
  grub2-common-1:2.06-82.el9_4.noarch                                           
  grub2-efi-x64-1:2.06-82.el9_4.x86_64                                          
  grub2-pc-1:2.06-82.el9_4.x86_64                                               
  grub2-pc-modules-1:2.06-82.el9_4.noarch                                       
  grub2-tools-1:2.06-82.el9_4.x86_64                                            
  grub2-tools-minimal-1:2.06-82.el9_4.x86_64                                    
  iptables-libs-1.8.10-4.el9_4.x86_64                                           
  iptables-nft-1.8.10-4.el9_4.x86_64                                            
  kernel-tools-5.14.0-427.37.1.el9_4.x86_64                                     
  kernel-tools-libs-5.14.0-427.37.1.el9_4.x86_64                                
  kexec-tools-2.0.27-8.el9_4.3.x86_64                                           
  krb5-libs-1.21.1-2.el9_4.x86_64                                               
  libcurl-7.76.1-29.el9_4.1.x86_64                                              
  libdnf-0.69.0-8.el9_4.1.x86_64                                                
  libevent-2.1.12-8.el9_4.x86_64                                                
  libldb-2.8.0-2.el9_4.x86_64                                                   
  libmnl-1.0.4-16.el9_4.x86_64                                                  
  libndp-1.8-6.el9_4.x86_64                                                     
  libsss_certmap-2.9.4-6.el9_4.1.x86_64                                         
  libsss_idmap-2.9.4-6.el9_4.1.x86_64                                           
  libsss_nss_idmap-2.9.4-6.el9_4.1.x86_64                                       
  libsss_sudo-2.9.4-6.el9_4.1.x86_64                                            
  linux-firmware-20240716-143.2.el9_4.noarch                                    
  linux-firmware-whence-20240716-143.2.el9_4.noarch                             
  mdadm-4.2-14.el9_4.x86_64                                                     
  nspr-4.35.0-14.el9_2.x86_64                                                   
  nss-3.101.0-7.el9_2.x86_64                                                    
  nss-softokn-3.101.0-7.el9_2.x86_64                                            
  nss-softokn-freebl-3.101.0-7.el9_2.x86_64                                     
  nss-sysinit-3.101.0-7.el9_2.x86_64                                            
  nss-util-3.101.0-7.el9_2.x86_64                                               
  openssh-8.7p1-38.el9_4.4.x86_64                                               
  openssh-clients-8.7p1-38.el9_4.4.x86_64                                       
  openssh-server-8.7p1-38.el9_4.4.x86_64                                        
  openssl-1:3.0.7-28.el9_4.x86_64                                               
  openssl-libs-1:3.0.7-28.el9_4.x86_64                                          
  python-unversioned-command-3.9.18-3.el9_4.5.noarch                            
  python3-3.9.18-3.el9_4.5.x86_64                                               
  python3-hawkey-0.69.0-8.el9_4.1.x86_64                                        
  python3-libdnf-0.69.0-8.el9_4.1.x86_64                                        
  python3-libs-3.9.18-3.el9_4.5.x86_64                                          
  python3-perf-5.14.0-427.37.1.el9_4.x86_64                                     
  python3-setuptools-53.0.0-12.el9_4.1.noarch                                   
  python3-setuptools-wheel-53.0.0-12.el9_4.1.noarch                             
  python3-urllib3-1.26.5-5.el9_4.1.noarch                                       
  redhat-release-9.4-0.5.el9.x86_64                                             
  redhat-release-eula-9.4-0.5.el9.x86_64                                        
  rh-amazon-rhui-client-4.0.19-1.el9.noarch                                     
  selinux-policy-38.1.35-2.el9_4.2.noarch                                       
  selinux-policy-targeted-38.1.35-2.el9_4.2.noarch                              
  shim-x64-15.8-4.el9_3.x86_64                                                  
  sssd-client-2.9.4-6.el9_4.1.x86_64                                            
  sssd-common-2.9.4-6.el9_4.1.x86_64                                            
  sssd-kcm-2.9.4-6.el9_4.1.x86_64                                               
  systemd-252-32.el9_4.7.x86_64                                                 
  systemd-libs-252-32.el9_4.7.x86_64                                            
  systemd-pam-252-32.el9_4.7.x86_64                                             
  systemd-rpm-macros-252-32.el9_4.7.noarch                                      
  systemd-udev-252-32.el9_4.7.x86_64                                            
  tar-2:1.34-6.el9_4.1.x86_64                                                   
Installed:
  freetype-2.10.4-9.el9.x86_64                                                  
  graphite2-1.3.14-9.el9.x86_64                                                 
  grub2-tools-efi-1:2.06-82.el9_4.x86_64                                        
  grub2-tools-extra-1:2.06-82.el9_4.x86_64                                      
  harfbuzz-2.7.4-10.el9.x86_64                                                  
  kernel-5.14.0-427.37.1.el9_4.x86_64                                           
  kernel-core-5.14.0-427.37.1.el9_4.x86_64                                      
  kernel-modules-5.14.0-427.37.1.el9_4.x86_64                                   
  kernel-modules-core-5.14.0-427.37.1.el9_4.x86_64                              
  libpng-2:1.6.37-12.el9.x86_64                                                 

Complete!
[plugins."io.containerd.grpc.v1.cri".containerd]
  endpoint = "unix:///var/run/containerd/containerd.sock"
I0926 14:54:57.670439   33818 version.go:256] remote version is much newer: v1.31.0; falling back to: stable-1.30
[init] Using Kubernetes version: v1.30.5
[preflight] Running pre-flight checks
	[WARNING FileExisting-socat]: socat not found in system path
[preflight] Pulling images required for setting up a Kubernetes cluster
[preflight] This might take a minute or two, depending on the speed of your internet connection
[preflight] You can also perform this action in beforehand using 'kubeadm config images pull'
W0926 14:54:58.049562   33818 checks.go:844] detected that the sandbox image "registry.k8s.io/pause:3.8" of the container runtime is inconsistent with that used by kubeadm.It is recommended to use "registry.k8s.io/pause:3.9" as the CRI sandbox image.
[certs] Using certificateDir folder "/etc/kubernetes/pki"
[certs] Generating "ca" certificate and key
[certs] Generating "apiserver" certificate and key
[certs] apiserver serving cert is signed for DNS names [ip-172-31-23-12.ec2.internal kubernetes kubernetes.default kubernetes.default.svc kubernetes.default.svc.cluster.local] and IPs [10.96.0.1 172.31.23.12]
[certs] Generating "apiserver-kubelet-client" certificate and key
[certs] Generating "front-proxy-ca" certificate and key
[certs] Generating "front-proxy-client" certificate and key
[certs] Generating "etcd/ca" certificate and key
[certs] Generating "etcd/server" certificate and key
[certs] etcd/server serving cert is signed for DNS names [ip-172-31-23-12.ec2.internal localhost] and IPs [172.31.23.12 127.0.0.1 ::1]
[certs] Generating "etcd/peer" certificate and key
[certs] etcd/peer serving cert is signed for DNS names [ip-172-31-23-12.ec2.internal localhost] and IPs [172.31.23.12 127.0.0.1 ::1]
[certs] Generating "etcd/healthcheck-client" certificate and key
[certs] Generating "apiserver-etcd-client" certificate and key
[certs] Generating "sa" key and public key
[kubeconfig] Using kubeconfig folder "/etc/kubernetes"
[kubeconfig] Writing "admin.conf" kubeconfig file
[kubeconfig] Writing "super-admin.conf" kubeconfig file
[kubeconfig] Writing "kubelet.conf" kubeconfig file
[kubeconfig] Writing "controller-manager.conf" kubeconfig file
[kubeconfig] Writing "scheduler.conf" kubeconfig file
[etcd] Creating static Pod manifest for local etcd in "/etc/kubernetes/manifests"
[control-plane] Using manifest folder "/etc/kubernetes/manifests"
[control-plane] Creating static Pod manifest for "kube-apiserver"
[control-plane] Creating static Pod manifest for "kube-controller-manager"
[control-plane] Creating static Pod manifest for "kube-scheduler"
[kubelet-start] Writing kubelet environment file with flags to file "/var/lib/kubelet/kubeadm-flags.env"
[kubelet-start] Writing kubelet configuration to file "/var/lib/kubelet/config.yaml"
[kubelet-start] Starting the kubelet
[wait-control-plane] Waiting for the kubelet to boot up the control plane as static Pods from directory "/etc/kubernetes/manifests"
[kubelet-check] Waiting for a healthy kubelet at http://127.0.0.1:10248/healthz. This can take up to 4m0s
[kubelet-check] The kubelet is healthy after 1.001494796s
[api-check] Waiting for a healthy API server. This can take up to 4m0s
[api-check] The API server is healthy after 8.004593825s
[upload-config] Storing the configuration used in ConfigMap "kubeadm-config" in the "kube-system" Namespace
[kubelet] Creating a ConfigMap "kubelet-config" in namespace kube-system with the configuration for the kubelets in the cluster
[upload-certs] Skipping phase. Please see --upload-certs
[mark-control-plane] Marking the node ip-172-31-23-12.ec2.internal as control-plane by adding the labels: [node-role.kubernetes.io/control-plane node.kubernetes.io/exclude-from-external-load-balancers]
[mark-control-plane] Marking the node ip-172-31-23-12.ec2.internal as control-plane by adding the taints [node-role.kubernetes.io/control-plane:NoSchedule]
[bootstrap-token] Using token: h2cx21.ginpikc2gnjiwzdq
[bootstrap-token] Configuring bootstrap tokens, cluster-info ConfigMap, RBAC Roles
[bootstrap-token] Configured RBAC rules to allow Node Bootstrap tokens to get nodes
[bootstrap-token] Configured RBAC rules to allow Node Bootstrap tokens to post CSRs in order for nodes to get long term certificate credentials
[bootstrap-token] Configured RBAC rules to allow the csrapprover controller automatically approve CSRs from a Node Bootstrap Token
[bootstrap-token] Configured RBAC rules to allow certificate rotation for all node client certificates in the cluster
[bootstrap-token] Creating the "cluster-info" ConfigMap in the "kube-public" namespace
[kubelet-finalize] Updating "/etc/kubernetes/kubelet.conf" to point to a rotatable kubelet client certificate and key
[addons] Applied essential addon: CoreDNS
[addons] Applied essential addon: kube-proxy

Your Kubernetes control-plane has initialized successfully!

To start using your cluster, you need to run the following as a regular user:

  mkdir -p $HOME/.kube
  sudo cp -i /etc/kubernetes/admin.conf $HOME/.kube/config
  sudo chown $(id -u):$(id -g) $HOME/.kube/config

Alternatively, if you are the root user, you can run:

  export KUBECONFIG=/etc/kubernetes/admin.conf

You should now deploy a pod network to the cluster.
Run "kubectl apply -f [podnetwork].yaml" with one of the options listed at:
  https://kubernetes.io/docs/concepts/cluster-administration/addons/

Then you can join any number of worker nodes by running the following on each as root:

kubeadm join 172.31.23.12:6443 --token h2cx21.ginpikc2gnjiwzdq \
	--discovery-token-ca-cert-hash sha256:88311639a35f82306b60a87fd5c6d35840c67f3ed642764c5dad0d52609f3b51 
error validating "https://docs.projectcalico.org/v3.14/manifests/calico.yaml": error validating data: Get "https://172.31.23.12:6443/openapi/v2?timeout=32s": dial tcp 172.31.23.12:6443: connect: connection refused; if you choose to ignore these errors, turn validation off with --validate=false
error when retrieving current configuration of:
Resource: "/v1, Resource=configmaps", GroupVersionKind: "/v1, Kind=ConfigMap"
Name: "calico-config", Namespace: "kube-system"
from server for: "https://docs.projectcalico.org/v3.14/manifests/calico.yaml": Get "https://172.31.23.12:6443/api/v1/namespaces/kube-system/configmaps/calico-config": dial tcp 172.31.23.12:6443: connect: connection refused
2024-09-26 14:56:04,044 - cc_scripts_user.py[WARNING]: Failed to run module scripts_user (scripts in /var/lib/cloud/instance/scripts)
2024-09-26 14:56:04,047 - util.py[WARNING]: Running module scripts_user (<module 'cloudinit.config.cc_scripts_user' from '/usr/lib/python3.9/site-packages/cloudinit/config/cc_scripts_user.py'>) failed
Cloud-init v. 23.4-7.el9_4.3 finished at Thu, 26 Sep 2024 14:56:04 +0000. Datasource DataSourceEc2Local.  Up 540.36 seconds
